# JRE version: OpenJDK Runtime Environment (8.0_152-b02) (build 1.8.0_152-release-1024-b02)
# Java VM: OpenJDK 64-Bit Server VM (25.152-b02 mixed mode windows-amd64 compressed oops)
Heap:
 PSYoungGen      total 250368K, used 65606K [0x00000000e0000000, 0x00000000f3e00000, 0x0000000100000000)
  eden space 208896K, 14% used [0x00000000e0000000,0x00000000e1dc9da0,0x00000000ecc00000)
  from space 41472K, 84% used [0x00000000f1580000,0x00000000f37c7c30,0x00000000f3e00000)
  to   space 58368K, 0% used [0x00000000ecc00000,0x00000000ecc00000,0x00000000f0500000)
 ParOldGen       total 144384K, used 94014K [0x00000000a0000000, 0x00000000a8d00000, 0x00000000e0000000)
  object space 144384K, 65% used [0x00000000a0000000,0x00000000a5bcfb78,0x00000000a8d00000)
 Metaspace       used 79691K, capacity 83092K, committed 83288K, reserved 1122304K
  class space    used 10097K, capacity 10757K, committed 10880K, reserved 1048576K
GC Heap History (10 events):
Event: 523.266 GC heap before
{Heap before GC invocations=23 (full 3):
 PSYoungGen      total 241152K, used 207644K [0x00000000e0000000, 0x00000000f2b80000, 0x0000000100000000)
  eden space 194560K, 100% used [0x00000000e0000000,0x00000000ebe00000,0x00000000ebe00000)
  from space 46592K, 28% used [0x00000000ebe00000,0x00000000ecac71e0,0x00000000eeb80000)
  to   space 44544K, 0% used [0x00000000f0000000,0x00000000f0000000,0x00000000f2b80000)
 ParOldGen       total 144384K, used 84601K [0x00000000a0000000, 0x00000000a8d00000, 0x00000000e0000000)
  object space 144384K, 58% used [0x00000000a0000000,0x00000000a529e6f8,0x00000000a8d00000)
 Metaspace       used 76296K, capacity 79438K, committed 79576K, reserved 1118208K
  class space    used 9837K, capacity 10456K, committed 10496K, reserved 1048576K
Event: 523.280 GC heap after
Heap after GC invocations=23 (full 3):
 PSYoungGen      total 251904K, used 10019K [0x00000000e0000000, 0x00000000f2580000, 0x0000000100000000)
  eden space 213504K, 0% used [0x00000000e0000000,0x00000000e0000000,0x00000000ed080000)
  from space 38400K, 26% used [0x00000000f0000000,0x00000000f09c8e00,0x00000000f2580000)
  to   space 43520K, 0% used [0x00000000ed080000,0x00000000ed080000,0x00000000efb00000)
 ParOldGen       total 144384K, used 84609K [0x00000000a0000000, 0x00000000a8d00000, 0x00000000e0000000)
  object space 144384K, 58% used [0x00000000a0000000,0x00000000a52a06f8,0x00000000a8d00000)
 Metaspace       used 76296K, capacity 79438K, committed 79576K, reserved 1118208K
  class space    used 9837K, capacity 10456K, committed 10496K, reserved 1048576K
}
Event: 525.861 GC heap before
{Heap before GC invocations=24 (full 3):
 PSYoungGen      total 251904K, used 223523K [0x00000000e0000000, 0x00000000f2580000, 0x0000000100000000)
  eden space 213504K, 100% used [0x00000000e0000000,0x00000000ed080000,0x00000000ed080000)
  from space 38400K, 26% used [0x00000000f0000000,0x00000000f09c8e00,0x00000000f2580000)
  to   space 43520K, 0% used [0x00000000ed080000,0x00000000ed080000,0x00000000efb00000)
 ParOldGen       total 144384K, used 84609K [0x00000000a0000000, 0x00000000a8d00000, 0x00000000e0000000)
  object space 144384K, 58% used [0x00000000a0000000,0x00000000a52a06f8,0x00000000a8d00000)
 Metaspace       used 76575K, capacity 79730K, committed 79832K, reserved 1118208K
  class space    used 9838K, capacity 10458K, committed 10496K, reserved 1048576K
Event: 525.875 GC heap after
Heap after GC invocations=24 (full 3):
 PSYoungGen      total 257024K, used 8240K [0x00000000e0000000, 0x00000000f3500000, 0x0000000100000000)
  eden space 213504K, 0% used [0x00000000e0000000,0x00000000e0000000,0x00000000ed080000)
  from space 43520K, 18% used [0x00000000ed080000,0x00000000ed88c070,0x00000000efb00000)
  to   space 41984K, 0% used [0x00000000f0c00000,0x00000000f0c00000,0x00000000f3500000)
 ParOldGen       total 144384K, used 84617K [0x00000000a0000000, 0x00000000a8d00000, 0x00000000e0000000)
  object space 144384K, 58% used [0x00000000a0000000,0x00000000a52a26f8,0x00000000a8d00000)
 Metaspace       used 76575K, capacity 79730K, committed 79832K, reserved 1118208K
  class space    used 9838K, capacity 10458K, committed 10496K, reserved 1048576K
}
Event: 684.139 GC heap before
{Heap before GC invocations=25 (full 3):
 PSYoungGen      total 257024K, used 221744K [0x00000000e0000000, 0x00000000f3500000, 0x0000000100000000)
  eden space 213504K, 100% used [0x00000000e0000000,0x00000000ed080000,0x00000000ed080000)
  from space 43520K, 18% used [0x00000000ed080000,0x00000000ed88c070,0x00000000efb00000)
  to   space 41984K, 0% used [0x00000000f0c00000,0x00000000f0c00000,0x00000000f3500000)
 ParOldGen       total 144384K, used 84617K [0x00000000a0000000, 0x00000000a8d00000, 0x00000000e0000000)
  object space 144384K, 58% used [0x00000000a0000000,0x00000000a52a26f8,0x00000000a8d00000)
 Metaspace       used 77241K, capacity 80590K, committed 80728K, reserved 1120256K
  class space    used 9891K, capacity 10526K, committed 10624K, reserved 1048576K
Event: 684.181 GC heap after
Heap after GC invocations=25 (full 3):
 PSYoungGen      total 241152K, used 34474K [0x00000000e0000000, 0x00000000f2e00000, 0x0000000100000000)
  eden space 206336K, 0% used [0x00000000e0000000,0x00000000e0000000,0x00000000ec980000)
  from space 34816K, 99% used [0x00000000f0c00000,0x00000000f2daa8a8,0x00000000f2e00000)
  to   space 46592K, 0% used [0x00000000ed300000,0x00000000ed300000,0x00000000f0080000)
 ParOldGen       total 144384K, used 84625K [0x00000000a0000000, 0x00000000a8d00000, 0x00000000e0000000)
  object space 144384K, 58% used [0x00000000a0000000,0x00000000a52a46f8,0x00000000a8d00000)
 Metaspace       used 77241K, capacity 80590K, committed 80728K, reserved 1120256K
  class space    used 9891K, capacity 10526K, committed 10624K, reserved 1048576K
}
Event: 687.430 GC heap before
{Heap before GC invocations=26 (full 3):
 PSYoungGen      total 241152K, used 240810K [0x00000000e0000000, 0x00000000f2e00000, 0x0000000100000000)
  eden space 206336K, 100% used [0x00000000e0000000,0x00000000ec980000,0x00000000ec980000)
  from space 34816K, 99% used [0x00000000f0c00000,0x00000000f2daa8a8,0x00000000f2e00000)
  to   space 46592K, 0% used [0x00000000ed300000,0x00000000ed300000,0x00000000f0080000)
 ParOldGen       total 144384K, used 84625K [0x00000000a0000000, 0x00000000a8d00000, 0x00000000e0000000)
  object space 144384K, 58% used [0x00000000a0000000,0x00000000a52a46f8,0x00000000a8d00000)
 Metaspace       used 77419K, capacity 80794K, committed 80984K, reserved 1120256K
  class space    used 9892K, capacity 10526K, committed 10624K, reserved 1048576K
Event: 687.497 GC heap after
Heap after GC invocations=26 (full 3):
 PSYoungGen      total 262656K, used 46565K [0x00000000e0000000, 0x00000000f4d00000, 0x0000000100000000)
  eden space 216064K, 0% used [0x00000000e0000000,0x00000000e0000000,0x00000000ed300000)
  from space 46592K, 99% used [0x00000000ed300000,0x00000000f00794d8,0x00000000f0080000)
  to   space 56832K, 0% used [0x00000000f1580000,0x00000000f1580000,0x00000000f4d00000)
 ParOldGen       total 144384K, used 91882K [0x00000000a0000000, 0x00000000a8d00000, 0x00000000e0000000)
  object space 144384K, 63% used [0x00000000a0000000,0x00000000a59ba918,0x00000000a8d00000)
 Metaspace       used 77419K, capacity 80794K, committed 80984K, reserved 1120256K
  class space    used 9892K, capacity 10526K, committed 10624K, reserved 1048576K
}
Event: 1576.877 GC heap before
{Heap before GC invocations=27 (full 3):
 PSYoungGen      total 262656K, used 262501K [0x00000000e0000000, 0x00000000f4d00000, 0x0000000100000000)
  eden space 216064K, 99% used [0x00000000e0000000,0x00000000ed2e01f0,0x00000000ed300000)
  from space 46592K, 99% used [0x00000000ed300000,0x00000000f00794d8,0x00000000f0080000)
  to   space 56832K, 0% used [0x00000000f1580000,0x00000000f1580000,0x00000000f4d00000)
 ParOldGen       total 144384K, used 91882K [0x00000000a0000000, 0x00000000a8d00000, 0x00000000e0000000)
  object space 144384K, 63% used [0x00000000a0000000,0x00000000a59ba918,0x00000000a8d00000)
 Metaspace       used 79330K, capacity 82670K, committed 82904K, reserved 1122304K
  class space    used 10060K, capacity 10736K, committed 10752K, reserved 1048576K
Event: 1576.933 GC heap after
Heap after GC invocations=27 (full 3):
 PSYoungGen      total 250368K, used 35103K [0x00000000e0000000, 0x00000000f3e00000, 0x0000000100000000)
  eden space 208896K, 0% used [0x00000000e0000000,0x00000000e0000000,0x00000000ecc00000)
  from space 41472K, 84% used [0x00000000f1580000,0x00000000f37c7c30,0x00000000f3e00000)
  to   space 58368K, 0% used [0x00000000ecc00000,0x00000000ecc00000,0x00000000f0500000)
 ParOldGen       total 144384K, used 94014K [0x00000000a0000000, 0x00000000a8d00000, 0x00000000e0000000)
  object space 144384K, 65% used [0x00000000a0000000,0x00000000a5bcfb78,0x00000000a8d00000)
 Metaspace       used 79330K, capacity 82670K, committed 82904K, reserved 1122304K
  class space    used 10060K, capacity 10736K, committed 10752K, reserved 1048576K
}

